<?xml version="1.0" encoding="utf-8"?><testsuites name="pytest tests"><testsuite name="pytest" errors="0" failures="0" skipped="1" tests="20" time="16.603" timestamp="2026-09-14T13:23:09.145249+00:00" hostname="agent-env-eb17c343-aa1c-47b2-8d3f-9fdfdc1996bd"><testcase classname="tests.backend_test.TestPolicies" name="test_list" time="1.546" /><testcase classname="tests.backend_test.TestPolicies" name="test_list_requires_auth" time="0.079" /><testcase classname="tests.backend_test.TestVerification" name="test_verify_by_policy_id" time="1.625" /><testcase classname="tests.backend_test.TestVerification" name="test_verify_by_hash" time="0.152" /><testcase classname="tests.backend_test.TestPolicies" name="test_dashboard" time="0.083" /><testcase classname="tests.backend_test.TestVerification" name="test_verify_not_found" time="0.109" /><testcase classname="tests.backend_test.TestPolicies" name="test_get_detail" time="0.148" /><testcase classname="tests.backend_test.TestPolicies" name="test_get_not_found" time="0.108" /><testcase classname="tests.backend_test.TestVerification" name="test_verification_details" time="0.077" /><testcase classname="tests.backend_test.TestPolicies" name="test_document_download" time="0.074" /><testcase classname="tests.backend_test.TestVerification" name="test_report_pdf" time="0.163" /><testcase classname="tests.backend_test.TestPolicies" name="test_compare_requires_two" time="12.997" /><testcase classname="tests.backend_test.TestAuth" name="test_login_success" time="0.512" /><testcase classname="tests.backend_test.TestAuth" name="test_login_bad_password" time="0.297" /><testcase classname="tests.backend_test.TestAuth" name="test_register_and_me" time="0.644" /><testcase classname="tests.backend_test.TestAuth" name="test_me_requires_auth" time="0.106" /><testcase classname="tests.backend_test.TestAI" name="test_ask_and_history" time="11.995" /><testcase classname="tests.backend_test.TestPolicies" name="test_compare_invalid_id" time="0.071" /><testcase classname="tests.backend_test" name="test_health" time="0.067" /><testcase classname="tests.backend_test" name="test_upload_full_pipeline" time="0.001"><skipped type="pytest.skip" message="Slow: set RUN_UPLOAD=1">/app/backend/tests/backend_test.py:233: Slow: set RUN_UPLOAD=1</skipped></testcase></testsuite></testsuites>