<?xml version="1.0" encoding="utf-8"?><testsuites name="pytest tests"><testsuite name="pytest" errors="0" failures="0" skipped="0" tests="19" time="22.185" timestamp="2026-09-14T14:47:14.986521+00:00" hostname="agent-env-eb17c343-aa1c-47b2-8d3f-9fdfdc1996bd"><testcase classname="tests.test_claim_and_renewals.TestAuthGates" name="test_claim_check_requires_auth" time="0.272" /><testcase classname="tests.test_claim_and_renewals.TestAuthGates" name="test_claim_history_requires_auth" time="0.224" /><testcase classname="tests.test_claim_and_renewals.TestClaimCheckValidation" name="test_short_situation_422" time="0.638" /><testcase classname="tests.test_claim_and_renewals.TestAuthGates" name="test_renewals_overview_requires_auth" time="0.220" /><testcase classname="tests.test_claim_and_renewals.TestClaimCheckValidation" name="test_unknown_policy_404" time="0.141" /><testcase classname="tests.test_claim_and_renewals.TestAuthGates" name="test_renewals_compare_requires_auth" time="0.134" /><testcase classname="tests.test_claim_and_renewals.TestAuthGates" name="test_renewals_link_requires_auth" time="0.285" /><testcase classname="tests.test_claim_and_renewals.TestAuthGates" name="test_renewals_comparison_get_requires_auth" time="0.146" /><testcase classname="tests.test_claim_and_renewals.TestClaimCheckValidation" name="test_other_user_cannot_access" time="0.571" /><testcase classname="tests.test_claim_and_renewals.TestRenewalCompareE2E" name="test_same_id_400" time="0.369" /><testcase classname="tests.test_claim_and_renewals.TestClaimCheckE2E" name="test_history_starts_empty" time="0.579" /><testcase classname="tests.test_claim_and_renewals.TestRenewalCompareE2E" name="test_no_comparison_yet_404" time="0.184" /><testcase classname="tests.test_claim_and_renewals.TestClaimCheckE2E" name="test_knee_replacement_claim_check" time="12.159" /><testcase classname="tests.test_claim_and_renewals.TestRenewalCompareE2E" name="test_compare_full" time="19.629" /><testcase classname="tests.test_claim_and_renewals.TestRenewalLinking" name="test_self_link_400" time="0.133" /><testcase classname="tests.test_claim_and_renewals.TestRenewalLinking" name="test_link_and_overview_excludes_quote" time="0.309" /><testcase classname="tests.test_claim_and_renewals.TestRenewalOverview" name="test_overview_lists_originals_only" time="0.152" /><testcase classname="tests.test_claim_and_renewals.TestIsolation" name="test_other_user_empty_overview" time="0.134" /><testcase classname="tests.test_claim_and_renewals.TestIsolation" name="test_other_user_cant_compare_demo" time="0.137" /></testsuite></testsuites>